<?xml version="1.0" encoding="UTF-8"?>
<!-- Generated by org.testng.reporters.JUnitReportReporter -->
<testsuite skipped="0" hostname="WKWIN6030683" name="com.api.testcases.TC_03_ListofUsers" tests="7" failures="0" timestamp="2019-10-19T22:27:31 IST" time="0.079" errors="0">
  <testcase name="checkResponseBody" time="0.002" classname="com.api.testcases.TC_03_ListofUsers"/>
  <testcase name="headerValidation" time="0.000" classname="com.api.testcases.TC_03_ListofUsers"/>
  <testcase name="usersCompanyNames" time="0.023" classname="com.api.testcases.TC_03_ListofUsers"/>
  <testcase name="usersAddresss" time="0.024" classname="com.api.testcases.TC_03_ListofUsers"/>
  <testcase name="checkResponseTime" time="0.001" classname="com.api.testcases.TC_03_ListofUsers"/>
  <testcase name="checkresponseCode" time="0.003" classname="com.api.testcases.TC_03_ListofUsers"/>
  <testcase name="usernames" time="0.026" classname="com.api.testcases.TC_03_ListofUsers"/>
</testsuite> <!-- com.api.testcases.TC_03_ListofUsers -->
