<?xml version="1.0" encoding="UTF-8"?>
<!-- Generated by org.testng.reporters.JUnitReportReporter -->
<testsuite skipped="0" hostname="WKWIN6030683" name="com.api.testcases.TC04_ValidateUserDetailsuser_Bret" tests="1" failures="0" timestamp="2019-10-20T11:16:53 IST" time="0.056" errors="0">
  <testcase name="responseValidation" time="0.056" classname="com.api.testcases.TC04_ValidateUserDetailsuser_Bret"/>
</testsuite> <!-- com.api.testcases.TC04_ValidateUserDetailsuser_Bret -->
