<?xml version="1.0" encoding="UTF-8"?>
<!-- Generated by org.testng.reporters.JUnitReportReporter -->
<testsuite skipped="0" hostname="WKWIN6030683" name="com.api.Utility.TC_03_ListofUsers" tests="4" failures="0" timestamp="2019-10-19T14:36:36 IST" time="0.033" errors="0">
  <testcase name="checkresponseCode" time="0.003" classname="com.api.Utility.TC_03_ListofUsers"/>
  <testcase name="checkResponseBody" time="0.027" classname="com.api.Utility.TC_03_ListofUsers"/>
  <testcase name="headerValidation" time="0.001" classname="com.api.Utility.TC_03_ListofUsers"/>
  <testcase name="checkResponseTime" time="0.002" classname="com.api.Utility.TC_03_ListofUsers"/>
</testsuite> <!-- com.api.Utility.TC_03_ListofUsers -->
