<?xml version="1.0" encoding="UTF-8"?>
<!-- Generated by org.testng.reporters.JUnitReportReporter -->
<testsuite skipped="0" hostname="WKWIN6030683" name="com.api.testcases.TC01_UserPosts" tests="3" failures="0" timestamp="2019-10-19T23:01:18 IST" time="0.016" errors="0">
  <testcase name="checkResponseCode" time="0.001" classname="com.api.testcases.TC01_UserPosts"/>
  <testcase name="checkContentType" time="0.007" classname="com.api.testcases.TC01_UserPosts"/>
  <testcase name="responseBody" time="0.008" classname="com.api.testcases.TC01_UserPosts"/>
</testsuite> <!-- com.api.testcases.TC01_UserPosts -->
