<?xml version="1.0" encoding="UTF-8"?>
<!-- Generated by org.testng.reporters.JUnitReportReporter -->
<testsuite skipped="0" hostname="WKWIN6030683" name="com.api.testcases.TC02_CommentsOnPosts" tests="3" failures="0" timestamp="2019-10-19T23:01:18 IST" time="0.007" errors="0">
  <testcase name="checkResponseCode" time="0.002" classname="com.api.testcases.TC02_CommentsOnPosts"/>
  <testcase name="responseBody" time="0.003" classname="com.api.testcases.TC02_CommentsOnPosts"/>
  <testcase name="checkContentType" time="0.002" classname="com.api.testcases.TC02_CommentsOnPosts"/>
</testsuite> <!-- com.api.testcases.TC02_CommentsOnPosts -->
